[debug] [2020-09-26T17:33:14.607Z] ----------------------------------------------------------------------
[debug] [2020-09-26T17:33:14.698Z] Command:       C:\Program Files\nodejs\node.exe C:\Users\Awedasiju\AppData\Roaming\npm\node_modules\firebase-tools\lib\bin\firebase.js init
[debug] [2020-09-26T17:33:14.698Z] CLI Version:   8.11.2
[debug] [2020-09-26T17:33:14.698Z] Platform:      win32
[debug] [2020-09-26T17:33:14.698Z] Node Version:  v12.18.1
[debug] [2020-09-26T17:33:14.988Z] Time:          Sat Sep 26 2020 18:33:14 GMT+0100 (West Africa Standard Time)
[debug] [2020-09-26T17:33:14.988Z] ----------------------------------------------------------------------
[debug] [2020-09-26T17:33:14.989Z] 
[debug] [2020-09-26T17:33:15.332Z] > command requires scopes: ["email","openid","https://www.googleapis.com/auth/cloudplatformprojects.readonly","https://www.googleapis.com/auth/firebase","https://www.googleapis.com/auth/cloud-platform"]
[debug] [2020-09-26T17:33:15.333Z] > authorizing via signed-in user
[info] 
     ######## #### ########  ######## ########     ###     ######  ########
     ##        ##  ##     ## ##       ##     ##  ##   ##  ##       ##
     ######    ##  ########  ######   ########  #########  ######  ######
     ##        ##  ##    ##  ##       ##     ## ##     ##       ## ##
     ##       #### ##     ## ######## ########  ##     ##  ######  ########

You're about to initialize a Firebase project in this directory:

  C:\Users\Awedasiju\Desktop\buycoins

[info] 
=== Project Setup
[info] 
[info] First, let's associate this project directory with a Firebase project.
[info] You can create multiple project aliases by running firebase use --add, 
[info] but for now we'll just set up a default project.
[info] 
[debug] [2020-09-26T17:43:35.413Z] > refreshing access token with scopes: ["email","https://www.googleapis.com/auth/cloud-platform","https://www.googleapis.com/auth/cloudplatformprojects.readonly","https://www.googleapis.com/auth/firebase","openid"]
[debug] [2020-09-26T17:43:35.413Z] >>> HTTP REQUEST POST https://www.googleapis.com/oauth2/v3/token  
 <request body omitted>
[debug] [2020-09-26T17:43:56.990Z] Authentication Error: Your credentials are no longer valid. Please run firebase login --reauth

For CI servers and headless environments, generate a new token with firebase login:ci
[debug] [2020-09-26T17:44:18.246Z] FirebaseError: Authentication Error: Your credentials are no longer valid. Please run firebase login --reauth

For CI servers and headless environments, generate a new token with firebase login:ci
    at Object.<anonymous> (C:\Users\Awedasiju\AppData\Roaming\npm\node_modules\firebase-tools\lib\auth.js:23:32)
    at Module._compile (internal/modules/cjs/loader.js:1138:30)
    at Object.Module._extensions..js (internal/modules/cjs/loader.js:1158:10)
    at Module.load (internal/modules/cjs/loader.js:986:32)
    at Function.Module._load (internal/modules/cjs/loader.js:879:14)
    at Module.require (internal/modules/cjs/loader.js:1026:19)
    at require (internal/modules/cjs/helpers.js:72:18)
    at Object.<anonymous> (C:\Users\Awedasiju\AppData\Roaming\npm\node_modules\firebase-tools\lib\init\features\hosting\github.js:20:16)
    at Module._compile (internal/modules/cjs/loader.js:1138:30)
    at Object.Module._extensions..js (internal/modules/cjs/loader.js:1158:10)
    at Module.load (internal/modules/cjs/loader.js:986:32)
    at Function.Module._load (internal/modules/cjs/loader.js:879:14)
    at Module.require (internal/modules/cjs/loader.js:1026:19)
    at require (internal/modules/cjs/helpers.js:72:18)
    at Object.<anonymous> (C:\Users\Awedasiju\AppData\Roaming\npm\node_modules\firebase-tools\lib\init\features\hosting\index.js:7:22)
    at Module._compile (internal/modules/cjs/loader.js:1138:30)
[error] 
[error] Error: Failed to list Firebase projects. See firebase-debug.log for more info.
[debug] [2020-09-26T17:45:11.218Z] ----------------------------------------------------------------------
[debug] [2020-09-26T17:45:11.222Z] Command:       C:\Program Files\nodejs\node.exe C:\Users\Awedasiju\AppData\Roaming\npm\node_modules\firebase-tools\lib\bin\firebase.js init
[debug] [2020-09-26T17:45:11.222Z] CLI Version:   8.11.2
[debug] [2020-09-26T17:45:11.222Z] Platform:      win32
[debug] [2020-09-26T17:45:11.222Z] Node Version:  v12.18.1
[debug] [2020-09-26T17:45:11.224Z] Time:          Sat Sep 26 2020 18:45:11 GMT+0100 (West Africa Standard Time)
[debug] [2020-09-26T17:45:11.224Z] ----------------------------------------------------------------------
[debug] [2020-09-26T17:45:11.225Z] 
[debug] [2020-09-26T17:45:11.306Z] > command requires scopes: ["email","openid","https://www.googleapis.com/auth/cloudplatformprojects.readonly","https://www.googleapis.com/auth/firebase","https://www.googleapis.com/auth/cloud-platform"]
[debug] [2020-09-26T17:45:11.307Z] > authorizing via signed-in user
[info] 
     ######## #### ########  ######## ########     ###     ######  ########
     ##        ##  ##     ## ##       ##     ##  ##   ##  ##       ##
     ######    ##  ########  ######   ########  #########  ######  ######
     ##        ##  ##    ##  ##       ##     ## ##     ##       ## ##
     ##       #### ##     ## ######## ########  ##     ##  ######  ########

You're about to initialize a Firebase project in this directory:

  C:\Users\Awedasiju\Desktop\buycoins

[info] 
=== Project Setup
[info] 
[info] First, let's associate this project directory with a Firebase project.
[info] You can create multiple project aliases by running firebase use --add, 
[info] but for now we'll just set up a default project.
[info] 
[debug] [2020-09-26T17:45:26.190Z] > refreshing access token with scopes: ["email","https://www.googleapis.com/auth/cloud-platform","https://www.googleapis.com/auth/cloudplatformprojects.readonly","https://www.googleapis.com/auth/firebase","openid"]
[debug] [2020-09-26T17:45:26.190Z] >>> HTTP REQUEST POST https://www.googleapis.com/oauth2/v3/token  
 <request body omitted>
[debug] [2020-09-26T17:45:47.213Z] Authentication Error: Your credentials are no longer valid. Please run firebase login --reauth

For CI servers and headless environments, generate a new token with firebase login:ci
[debug] [2020-09-26T17:46:08.220Z] FirebaseError: Authentication Error: Your credentials are no longer valid. Please run firebase login --reauth

For CI servers and headless environments, generate a new token with firebase login:ci
    at Object.<anonymous> (C:\Users\Awedasiju\AppData\Roaming\npm\node_modules\firebase-tools\lib\auth.js:23:32)
    at Module._compile (internal/modules/cjs/loader.js:1138:30)
    at Object.Module._extensions..js (internal/modules/cjs/loader.js:1158:10)
    at Module.load (internal/modules/cjs/loader.js:986:32)
    at Function.Module._load (internal/modules/cjs/loader.js:879:14)
    at Module.require (internal/modules/cjs/loader.js:1026:19)
    at require (internal/modules/cjs/helpers.js:72:18)
    at Object.<anonymous> (C:\Users\Awedasiju\AppData\Roaming\npm\node_modules\firebase-tools\lib\init\features\hosting\github.js:20:16)
    at Module._compile (internal/modules/cjs/loader.js:1138:30)
    at Object.Module._extensions..js (internal/modules/cjs/loader.js:1158:10)
    at Module.load (internal/modules/cjs/loader.js:986:32)
    at Function.Module._load (internal/modules/cjs/loader.js:879:14)
    at Module.require (internal/modules/cjs/loader.js:1026:19)
    at require (internal/modules/cjs/helpers.js:72:18)
    at Object.<anonymous> (C:\Users\Awedasiju\AppData\Roaming\npm\node_modules\firebase-tools\lib\init\features\hosting\index.js:7:22)
    at Module._compile (internal/modules/cjs/loader.js:1138:30)
[error] 
[error] Error: Failed to list Firebase projects. See firebase-debug.log for more info.
